<?xml version="1.0" encoding="UTF-8"?>
<!-- Generated by org.testng.reporters.JUnitXMLReporter -->
<testsuite ignored="4" hostname="DESKTOP-C72I851" failures="0" tests="3" name="Default test" time="23.99" errors="0" timestamp="2025-01-07T16:46:15 AST">
  <testcase classname="StandardUser.maintest" name="Login" time="5.563"/>
  <testcase classname="StandardUser.maintest" name="AddRandomitem" time="0.318"/>
  <testcase classname="StandardUser.maintest" name="CheckoutProcess" time="10.618"/>
  <testcase classname="StandardUser.maintest" name="AddItemsThatStartsWithSauce" time="0.0">
    <ignored/>
  </testcase> <!-- AddItemsThatStartsWithSauce -->
  <testcase classname="StandardUser.maintest" name="RemoveItemFromThecart" time="0.0">
    <ignored/>
  </testcase> <!-- RemoveItemFromThecart -->
  <testcase classname="StandardUser.maintest" name="AddAllItems" time="0.0">
    <ignored/>
  </testcase> <!-- AddAllItems -->
  <testcase classname="StandardUser.maintest" name="AddCertainNumberOfItems" time="0.0">
    <ignored/>
  </testcase> <!-- AddCertainNumberOfItems -->
</testsuite> <!-- Default test -->
