<?xml version="1.0" encoding="UTF-8"?>
<!-- Generated by org.testng.reporters.JUnitXMLReporter -->
<testsuite ignored="4" hostname="DESKTOP-C72I851" failures="0" tests="3" name="Default test" time="18.909" errors="0" timestamp="2025-03-10T03:53:03 AST">
  <testcase classname="TestCases.MainTest" name="Login" time="3.505"/>
  <testcase classname="TestCases.MainTest" name="AddRandomItem" time="0.438"/>
  <testcase classname="TestCases.MainTest" name="CheckoutProcess" time="2.165"/>
  <testcase classname="TestCases.MainTest" name="AddCertainItems" time="0.0">
    <ignored/>
  </testcase> <!-- AddCertainItems -->
  <testcase classname="TestCases.MainTest" name="AddItemsThatStartsWithSauce" time="0.0">
    <ignored/>
  </testcase> <!-- AddItemsThatStartsWithSauce -->
  <testcase classname="TestCases.MainTest" name="AddAllItems" time="0.0">
    <ignored/>
  </testcase> <!-- AddAllItems -->
  <testcase classname="TestCases.MainTest" name="AddFirstItem" time="0.0">
    <ignored/>
  </testcase> <!-- AddFirstItem -->
</testsuite> <!-- Default test -->
