<?xml version="1.0" encoding="UTF-8"?>
<testng-results ignored="4" total="7" passed="3" failed="0" skipped="0">
  <reporter-output>
  </reporter-output>
  <suite started-at="2025-03-10T03:52:44 AST" name="Default suite" finished-at="2025-03-10T03:53:03 AST" duration-ms="18909">
    <groups>
    </groups>
    <test started-at="2025-03-10T03:52:44 AST" name="Default test" finished-at="2025-03-10T03:53:03 AST" duration-ms="18909">
      <class name="TestCases.MainTest">
        <test-method is-config="true" signature="MySetUp()[pri:0, instance:TestCases.MainTest@3d2ee678]" started-at="2025-03-10T03:52:44 AST" name="MySetUp" finished-at="2025-03-10T03:52:56 AST" duration-ms="12195" status="PASS">
          <reporter-output>
          </reporter-output>
        </test-method> <!-- MySetUp -->
        <test-method signature="Login()[pri:1, instance:TestCases.MainTest@3d2ee678]" started-at="2025-03-10T03:52:57 AST" name="Login" finished-at="2025-03-10T03:53:00 AST" duration-ms="3505" status="PASS">
          <reporter-output>
          </reporter-output>
        </test-method> <!-- Login -->
        <test-method signature="AddRandomItem()[pri:2, instance:TestCases.MainTest@3d2ee678]" started-at="2025-03-10T03:53:00 AST" name="AddRandomItem" finished-at="2025-03-10T03:53:01 AST" duration-ms="438" status="PASS">
          <reporter-output>
          </reporter-output>
        </test-method> <!-- AddRandomItem -->
        <test-method signature="CheckoutProcess()[pri:3, instance:TestCases.MainTest@3d2ee678]" started-at="2025-03-10T03:53:01 AST" name="CheckoutProcess" finished-at="2025-03-10T03:53:03 AST" duration-ms="2165" status="PASS">
          <reporter-output>
          </reporter-output>
        </test-method> <!-- CheckoutProcess -->
      </class> <!-- TestCases.MainTest -->
    </test> <!-- Default test -->
  </suite> <!-- Default suite -->
</testng-results>
