<?xml version="1.0" encoding="UTF-8"?>
<testng-results ignored="4" total="7" passed="3" failed="0" skipped="0">
  <reporter-output>
  </reporter-output>
  <suite started-at="2025-01-07T16:45:50 AST" name="Default suite" finished-at="2025-01-07T16:46:14 AST" duration-ms="23990">
    <groups>
    </groups>
    <test started-at="2025-01-07T16:45:50 AST" name="Default test" finished-at="2025-01-07T16:46:14 AST" duration-ms="23990">
      <class name="StandardUser.maintest">
        <test-method is-config="true" signature="MySetup()[pri:0, instance:StandardUser.maintest@5d9b7a8a]" started-at="2025-01-07T16:45:50 AST" name="MySetup" finished-at="2025-01-07T16:45:58 AST" duration-ms="7360" status="PASS">
          <reporter-output>
          </reporter-output>
        </test-method> <!-- MySetup -->
        <test-method signature="Login()[pri:1, instance:StandardUser.maintest@5d9b7a8a]" started-at="2025-01-07T16:45:58 AST" name="Login" finished-at="2025-01-07T16:46:03 AST" duration-ms="5563" status="PASS">
          <reporter-output>
          </reporter-output>
        </test-method> <!-- Login -->
        <test-method signature="AddRandomitem()[pri:3, instance:StandardUser.maintest@5d9b7a8a]" started-at="2025-01-07T16:46:03 AST" name="AddRandomitem" finished-at="2025-01-07T16:46:04 AST" duration-ms="318" status="PASS">
          <reporter-output>
          </reporter-output>
        </test-method> <!-- AddRandomitem -->
        <test-method signature="CheckoutProcess()[pri:4, instance:StandardUser.maintest@5d9b7a8a]" started-at="2025-01-07T16:46:04 AST" name="CheckoutProcess" finished-at="2025-01-07T16:46:14 AST" duration-ms="10618" status="PASS">
          <reporter-output>
          </reporter-output>
        </test-method> <!-- CheckoutProcess -->
      </class> <!-- StandardUser.maintest -->
    </test> <!-- Default test -->
  </suite> <!-- Default suite -->
</testng-results>
