<?xml version="1.0" encoding="UTF-8"?>
<!-- Generated by org.testng.reporters.JUnitReportReporter -->
<testsuite hostname="DESKTOP-C72I851" failures="0" tests="3" name="problemUser.mytestcases" time="5.597" errors="0" timestamp="2024-12-29T15:35:14 AST" skipped="0">
  <testcase classname="problemUser.mytestcases" name="Login" time="0.847"/>
  <system-out/>
  <testcase classname="problemUser.mytestcases" name="AddToCartItem" time="2.532"/>
  <system-out/>
  <testcase classname="problemUser.mytestcases" name="RemoveItemFromThecart" time="2.218"/>
  <system-out/>
</testsuite> <!-- problemUser.mytestcases -->
