<?xml version="1.0" encoding="UTF-8"?>
<!-- Generated by org.testng.reporters.JUnitReportReporter -->
<testsuite hostname="DESKTOP-C72I851" failures="0" tests="7" name="StandardUser.maintest" time="16.499" errors="0" timestamp="2025-01-07T16:46:16 AST" skipped="4">
  <testcase classname="StandardUser.maintest" name="Login" time="5.563"/>
  <system-out/>
  <testcase classname="StandardUser.maintest" name="AddRandomitem" time="0.318"/>
  <system-out/>
  <testcase classname="StandardUser.maintest" name="CheckoutProcess" time="10.618"/>
  <system-out/>
  <testcase classname="StandardUser.maintest" name="AddItemsThatStartsWithSauce">
    <skipped/>
  </testcase> <!-- AddItemsThatStartsWithSauce -->
  <system-out/>
  <testcase classname="StandardUser.maintest" name="RemoveItemFromThecart">
    <skipped/>
  </testcase> <!-- RemoveItemFromThecart -->
  <system-out/>
  <testcase classname="StandardUser.maintest" name="AddAllItems">
    <skipped/>
  </testcase> <!-- AddAllItems -->
  <system-out/>
  <testcase classname="StandardUser.maintest" name="AddCertainNumberOfItems">
    <skipped/>
  </testcase> <!-- AddCertainNumberOfItems -->
  <system-out/>
</testsuite> <!-- StandardUser.maintest -->
