<?xml version="1.0" encoding="UTF-8"?>
<!-- Generated by org.testng.reporters.JUnitReportReporter -->
<testsuite hostname="DESKTOP-C72I851" failures="0" tests="3" name="myTestCasesSauceDemo.MainTestcases" time="5.334" errors="0" timestamp="2024-12-29T15:06:12 AST" skipped="0">
  <testcase classname="myTestCasesSauceDemo.MainTestcases" name="Login" time="0.935"/>
  <system-out/>
  <testcase classname="myTestCasesSauceDemo.MainTestcases" name="AddToCart" time="2.208"/>
  <system-out/>
  <testcase classname="myTestCasesSauceDemo.MainTestcases" name="RemoveItemFromThecart" time="2.191"/>
  <system-out/>
</testsuite> <!-- myTestCasesSauceDemo.MainTestcases -->
